<?xml version="1.0" encoding="UTF-8"?>
<!-- Generated by org.testng.reporters.JUnitXMLReporter -->
<testsuite ignored="1" hostname="Ezhils-Air.domain.name" failures="0" tests="1" name="Test" time="14.194" errors="0" timestamp="2024-09-22T22:36:33 IST">
  <testcase classname="Suite1.addCartNotification" name="addCartData" time="0.992"/>
  <testcase classname="Suite1.LoginLogoutTestCase" name="LoginPageSuccess" time="0.0">
    <ignored/>
  </testcase> <!-- LoginPageSuccess -->
</testsuite> <!-- Test -->
